This is pdfTeX, Version 3.1415926-2.3-1.40.12 (TeX Live 2011) (format=pdflatex 2011.7.3)  6 MAR 2013 08:12
entering extended mode
 restricted \write18 enabled.
 %&-line parsing enabled.
**asg
(./asg.tex
LaTeX2e <2009/09/24>
Babel <v3.8l> and hyphenation patterns for english, dumylang, nohyphenation, ge
rman-x-2009-06-19, ngerman-x-2009-06-19, afrikaans, ancientgreek, ibycus, arabi
c, armenian, basque, bulgarian, catalan, pinyin, coptic, croatian, czech, danis
h, dutch, ukenglish, usenglishmax, esperanto, estonian, ethiopic, farsi, finnis
h, french, galician, german, ngerman, swissgerman, monogreek, greek, hungarian,
 icelandic, assamese, bengali, gujarati, hindi, kannada, malayalam, marathi, or
iya, panjabi, tamil, telugu, indonesian, interlingua, irish, italian, kurmanji,
 lao, latin, latvian, lithuanian, mongolian, mongolianlmc, bokmal, nynorsk, pol
ish, portuguese, romanian, russian, sanskrit, serbian, serbianc, slovak, sloven
ian, spanish, swedish, turkish, turkmen, ukrainian, uppersorbian, welsh, loaded
.
(/usr/local/texlive/2011/texmf-dist/tex/latex/base/article.cls
Document Class: article 2007/10/19 v1.4h Standard LaTeX document class
(/usr/local/texlive/2011/texmf-dist/tex/latex/base/size11.clo
File: size11.clo 2007/10/19 v1.4h Standard LaTeX file (size option)
)
\c@part=\count79
\c@section=\count80
\c@subsection=\count81
\c@subsubsection=\count82
\c@paragraph=\count83
\c@subparagraph=\count84
\c@figure=\count85
\c@table=\count86
\abovecaptionskip=\skip41
\belowcaptionskip=\skip42
\bibindent=\dimen102
)
(/usr/local/texlive/2011/texmf-dist/tex/latex/amsmath/amsmath.sty
Package: amsmath 2000/07/18 v2.13 AMS math features
\@mathmargin=\skip43

For additional information on amsmath, use the `?' option.
(/usr/local/texlive/2011/texmf-dist/tex/latex/amsmath/amstext.sty
Package: amstext 2000/06/29 v2.01

(/usr/local/texlive/2011/texmf-dist/tex/latex/amsmath/amsgen.sty
File: amsgen.sty 1999/11/30 v2.0
\@emptytoks=\toks14
\ex@=\dimen103
))
(/usr/local/texlive/2011/texmf-dist/tex/latex/amsmath/amsbsy.sty
Package: amsbsy 1999/11/29 v1.2d
\pmbraise@=\dimen104
)
(/usr/local/texlive/2011/texmf-dist/tex/latex/amsmath/amsopn.sty
Package: amsopn 1999/12/14 v2.01 operator names
)
\inf@bad=\count87
LaTeX Info: Redefining \frac on input line 211.
\uproot@=\count88
\leftroot@=\count89
LaTeX Info: Redefining \overline on input line 307.
\classnum@=\count90
\DOTSCASE@=\count91
LaTeX Info: Redefining \ldots on input line 379.
LaTeX Info: Redefining \dots on input line 382.
LaTeX Info: Redefining \cdots on input line 467.
\Mathstrutbox@=\box26
\strutbox@=\box27
\big@size=\dimen105
LaTeX Font Info:    Redeclaring font encoding OML on input line 567.
LaTeX Font Info:    Redeclaring font encoding OMS on input line 568.
\macc@depth=\count92
\c@MaxMatrixCols=\count93
\dotsspace@=\muskip10
\c@parentequation=\count94
\dspbrk@lvl=\count95
\tag@help=\toks15
\row@=\count96
\column@=\count97
\maxfields@=\count98
\andhelp@=\toks16
\eqnshift@=\dimen106
\alignsep@=\dimen107
\tagshift@=\dimen108
\tagwidth@=\dimen109
\totwidth@=\dimen110
\lineht@=\dimen111
\@envbody=\toks17
\multlinegap=\skip44
\multlinetaggap=\skip45
\mathdisplay@stack=\toks18
LaTeX Info: Redefining \[ on input line 2666.
LaTeX Info: Redefining \] on input line 2667.
)
(/usr/local/texlive/2011/texmf-dist/tex/latex/base/alltt.sty
Package: alltt 1997/06/16 v2.0g defines alltt environment
)
(/usr/local/texlive/2011/texmf-dist/tex/latex/amsfonts/amssymb.sty
Package: amssymb 2009/06/22 v3.00

(/usr/local/texlive/2011/texmf-dist/tex/latex/amsfonts/amsfonts.sty
Package: amsfonts 2009/06/22 v3.00 Basic AMSFonts support
\symAMSa=\mathgroup4
\symAMSb=\mathgroup5
LaTeX Font Info:    Overwriting math alphabet `\mathfrak' in version `bold'
(Font)                  U/euf/m/n --> U/euf/b/n on input line 96.
))
(/usr/local/texlive/2011/texmf-dist/tex/latex/tools/xspace.sty
Package: xspace 2006/05/08 v1.12 Space after command names (DPC,MH)
)
(/usr/local/texlive/2011/texmf-dist/tex/latex/psnfss/times.sty
Package: times 2005/04/12 PSNFSS-v9.2a (SPQR) 
)
(/usr/local/texlive/2011/texmf-dist/tex/latex/graphics/epsfig.sty
Package: epsfig 1999/02/16 v1.7a (e)psfig emulation (SPQR)

(/usr/local/texlive/2011/texmf-dist/tex/latex/graphics/graphicx.sty
Package: graphicx 1999/02/16 v1.0f Enhanced LaTeX Graphics (DPC,SPQR)

(/usr/local/texlive/2011/texmf-dist/tex/latex/graphics/keyval.sty
Package: keyval 1999/03/16 v1.13 key=value parser (DPC)
\KV@toks@=\toks19
)
(/usr/local/texlive/2011/texmf-dist/tex/latex/graphics/graphics.sty
Package: graphics 2009/02/05 v1.0o Standard LaTeX Graphics (DPC,SPQR)

(/usr/local/texlive/2011/texmf-dist/tex/latex/graphics/trig.sty
Package: trig 1999/03/16 v1.09 sin cos tan (DPC)
)
(/usr/local/texlive/2011/texmf-dist/tex/latex/latexconfig/graphics.cfg
File: graphics.cfg 2010/04/23 v1.9 graphics configuration of TeX Live
)
Package graphics Info: Driver file: pdftex.def on input line 91.

(/usr/local/texlive/2011/texmf-dist/tex/latex/pdftex-def/pdftex.def
File: pdftex.def 2011/05/27 v0.06d Graphics/color for pdfTeX

(/usr/local/texlive/2011/texmf-dist/tex/generic/oberdiek/infwarerr.sty
Package: infwarerr 2010/04/08 v1.3 Providing info/warning/message (HO)
)
(/usr/local/texlive/2011/texmf-dist/tex/generic/oberdiek/ltxcmds.sty
Package: ltxcmds 2011/04/18 v1.20 LaTeX kernel commands for general use (HO)
)
\Gread@gobject=\count99
))
\Gin@req@height=\dimen112
\Gin@req@width=\dimen113
)
\epsfxsize=\dimen114
\epsfysize=\dimen115
)
(/usr/local/texlive/2011/texmf-dist/tex/latex/algorithmicx/algpseudocode.sty
Package: algpseudocode 

(/usr/local/texlive/2011/texmf-dist/tex/latex/base/ifthen.sty
Package: ifthen 2001/05/26 v1.1c Standard LaTeX ifthen package (DPC)
)
(/usr/local/texlive/2011/texmf-dist/tex/latex/algorithmicx/algorithmicx.sty
Package: algorithmicx 2005/04/27 v1.2 Algorithmicx

Document Style algorithmicx 1.2 - a greatly improved `algorithmic' style
\c@ALG@line=\count100
\c@ALG@rem=\count101
\c@ALG@nested=\count102
\ALG@tlm=\skip46
\ALG@thistlm=\skip47
\c@ALG@Lnr=\count103
\c@ALG@blocknr=\count104
\c@ALG@storecount=\count105
\c@ALG@tmpcounter=\count106
\ALG@tmplength=\skip48
)
Document Style - pseudocode environments for use with the `algorithmicx' style
) (/usr/local/texlive/2011/texmf-dist/tex/latex/graphics/color.sty
Package: color 2005/11/14 v1.0j Standard LaTeX Color (DPC)

(/usr/local/texlive/2011/texmf-dist/tex/latex/latexconfig/color.cfg
File: color.cfg 2007/01/18 v1.5 color configuration of teTeX/TeXLive
)
Package color Info: Driver file: pdftex.def on input line 130.
)
(/usr/local/texlive/2011/texmf-dist/tex/latex/multirow/multirow.sty
\bigstrutjot=\dimen116
)
(/usr/local/texlive/2011/texmf-dist/tex/latex/listings/listings.sty
\lst@mode=\count107
\lst@gtempboxa=\box28
\lst@token=\toks20
\lst@length=\count108
\lst@currlwidth=\dimen117
\lst@column=\count109
\lst@pos=\count110
\lst@lostspace=\dimen118
\lst@width=\dimen119
\lst@newlines=\count111
\lst@lineno=\count112
\lst@maxwidth=\dimen120

(/usr/local/texlive/2011/texmf-dist/tex/latex/listings/lstmisc.sty
File: lstmisc.sty 2007/02/22 1.4 (Carsten Heinz)
\c@lstnumber=\count113
\lst@skipnumbers=\count114
\lst@framebox=\box29
)
(/usr/local/texlive/2011/texmf-dist/tex/latex/listings/listings.cfg
File: listings.cfg 2007/02/22 1.4 listings configuration
))
Package: listings 2007/02/22 1.4 (Carsten Heinz)

(/usr/local/texlive/2011/texmf-dist/tex/latex/mh/mathtools.sty
Package: mathtools 2011/02/12 v1.10 mathematical typesetting tools

(/usr/local/texlive/2011/texmf-dist/tex/latex/tools/calc.sty
Package: calc 2007/08/22 v4.3 Infix arithmetic (KKT,FJ)
\calc@Acount=\count115
\calc@Bcount=\count116
\calc@Adimen=\dimen121
\calc@Bdimen=\dimen122
\calc@Askip=\skip49
\calc@Bskip=\skip50
LaTeX Info: Redefining \setlength on input line 76.
LaTeX Info: Redefining \addtolength on input line 77.
\calc@Ccount=\count117
\calc@Cskip=\skip51
)
(/usr/local/texlive/2011/texmf-dist/tex/latex/mh/mhsetup.sty
Package: mhsetup 2010/01/21 v1.2a programming setup (MH)
)
\g_MT_multlinerow_int=\count118
\l_MT_multwidth_dim=\dimen123
\origjot=\skip52
\l_MT_shortvdotswithinadjustabove_dim=\dimen124
\l_MT_shortvdotswithinadjustbelow_dim=\dimen125
)
(/usr/local/texlive/2011/texmf-dist/tex/latex/caption/caption.sty
Package: caption 2010/01/09 v3.1m Customizing captions (AR)

(/usr/local/texlive/2011/texmf-dist/tex/latex/caption/caption3.sty
Package: caption3 2010/01/14 v3.1m caption3 kernel (AR)
\captionmargin=\dimen126
\captionmargin@=\dimen127
\captionwidth=\dimen128
\caption@indent=\dimen129
\caption@parindent=\dimen130
\caption@hangindent=\dimen131
)
\c@ContinuedFloat=\count119
Package caption Info: listings package is loaded.
)
(/usr/local/texlive/2011/texmf-dist/tex/latex/caption/subcaption.sty
Package: subcaption 2008/08/31 v1.0b Adding subcaptions (AR)
\c@subfigure=\count120
\c@subtable=\count121
)
(./asg.aux)
\openout1 = `asg.aux'.

LaTeX Font Info:    Checking defaults for OML/cmm/m/it on input line 15.
LaTeX Font Info:    ... okay on input line 15.
LaTeX Font Info:    Checking defaults for T1/cmr/m/n on input line 15.
LaTeX Font Info:    ... okay on input line 15.
LaTeX Font Info:    Checking defaults for OT1/cmr/m/n on input line 15.
LaTeX Font Info:    ... okay on input line 15.
LaTeX Font Info:    Checking defaults for OMS/cmsy/m/n on input line 15.
LaTeX Font Info:    ... okay on input line 15.
LaTeX Font Info:    Checking defaults for OMX/cmex/m/n on input line 15.
LaTeX Font Info:    ... okay on input line 15.
LaTeX Font Info:    Checking defaults for U/cmr/m/n on input line 15.
LaTeX Font Info:    ... okay on input line 15.
LaTeX Font Info:    Try loading font information for OT1+ptm on input line 15.
 (/usr/local/texlive/2011/texmf-dist/tex/latex/psnfss/ot1ptm.fd
File: ot1ptm.fd 2001/06/04 font definitions for OT1/ptm.
)
(/usr/local/texlive/2011/texmf-dist/tex/context/base/supp-pdf.mkii
[Loading MPS to PDF converter (version 2006.09.02).]
\scratchcounter=\count122
\scratchdimen=\dimen132
\scratchbox=\box30
\nofMPsegments=\count123
\nofMParguments=\count124
\everyMPshowfont=\toks21
\MPscratchCnt=\count125
\MPscratchDim=\dimen133
\MPnumerator=\count126
\makeMPintoPDFobject=\count127
\everyMPtoPDFconversion=\toks22
) (/usr/local/texlive/2011/texmf-dist/tex/generic/oberdiek/pdftexcmds.sty
Package: pdftexcmds 2011/04/22 v0.16 Utilities of pdfTeX for LuaTeX (HO)

(/usr/local/texlive/2011/texmf-dist/tex/generic/oberdiek/ifluatex.sty
Package: ifluatex 2010/03/01 v1.3 Provides the ifluatex switch (HO)
Package ifluatex Info: LuaTeX not detected.
)
(/usr/local/texlive/2011/texmf-dist/tex/generic/oberdiek/ifpdf.sty
Package: ifpdf 2011/01/30 v2.3 Provides the ifpdf switch (HO)
Package ifpdf Info: pdfTeX in PDF mode is detected.
)
Package pdftexcmds Info: LuaTeX not detected.
Package pdftexcmds Info: \pdf@primitive is available.
Package pdftexcmds Info: \pdf@ifprimitive is available.
Package pdftexcmds Info: \pdfdraftmode found.
)
(/usr/local/texlive/2011/texmf-dist/tex/latex/oberdiek/epstopdf-base.sty
Package: epstopdf-base 2010/02/09 v2.5 Base part for package epstopdf

(/usr/local/texlive/2011/texmf-dist/tex/latex/oberdiek/grfext.sty
Package: grfext 2010/08/19 v1.1 Managing graphics extensions (HO)

(/usr/local/texlive/2011/texmf-dist/tex/generic/oberdiek/kvdefinekeys.sty
Package: kvdefinekeys 2011/04/07 v1.3 Defining keys (HO)
))
(/usr/local/texlive/2011/texmf-dist/tex/latex/oberdiek/kvoptions.sty
Package: kvoptions 2010/12/23 v3.10 Keyval support for LaTeX options (HO)

(/usr/local/texlive/2011/texmf-dist/tex/generic/oberdiek/kvsetkeys.sty
Package: kvsetkeys 2011/04/07 v1.13 Key value parser (HO)

(/usr/local/texlive/2011/texmf-dist/tex/generic/oberdiek/etexcmds.sty
Package: etexcmds 2011/02/16 v1.5 Prefix for e-TeX command names (HO)
Package etexcmds Info: Could not find \expanded.
(etexcmds)             That can mean that you are not using pdfTeX 1.50 or
(etexcmds)             that some package has redefined \expanded.
(etexcmds)             In the latter case, load this package earlier.
)))
Package grfext Info: Graphics extension search list:
(grfext)             [.png,.pdf,.jpg,.mps,.jpeg,.jbig2,.jb2,.PNG,.PDF,.JPG,.JPE
G,.JBIG2,.JB2,.eps]
(grfext)             \AppendGraphicsExtensions on input line 452.

(/usr/local/texlive/2011/texmf-dist/tex/latex/latexconfig/epstopdf-sys.cfg
File: epstopdf-sys.cfg 2010/07/13 v1.3 Configuration of (r)epstopdf for TeX Liv
e
))
\c@lstlisting=\count128
Package caption Info: Begin \AtBeginDocument code.
Package caption Info: End \AtBeginDocument code.
LaTeX Font Info:    Font shape `OT1/ptm/bx/n' in size <10.95> not available
(Font)              Font shape `OT1/ptm/b/n' tried instead on input line 18.
LaTeX Font Info:    Try loading font information for U+msa on input line 22.

(/usr/local/texlive/2011/texmf-dist/tex/latex/amsfonts/umsa.fd
File: umsa.fd 2009/06/22 v3.00 AMS symbols A
)
LaTeX Font Info:    Try loading font information for U+msb on input line 22.

(/usr/local/texlive/2011/texmf-dist/tex/latex/amsfonts/umsb.fd
File: umsb.fd 2009/06/22 v3.00 AMS symbols B
)
Underfull \hbox (badness 10000) in paragraph at lines 22--32

 []

<images/all2all.png, id=1, 1097.09875pt x 422.57875pt>
File: images/all2all.png Graphic file (type png)

<use images/all2all.png>
Package pdftex.def Info: images/all2all.png used on input line 43.
(pdftex.def)             Requested size: 469.75499pt x 180.938pt.
LaTeX Font Info:    Font shape `OT1/ptm/bx/n' in size <10> not available
(Font)              Font shape `OT1/ptm/b/n' tried instead on input line 44.

<images/allgather.png, id=2, 1068.99374pt x 421.575pt>
File: images/allgather.png Graphic file (type png)

<use images/allgather.png>
Package pdftex.def Info: images/allgather.png used on input line 47.
(pdftex.def)             Requested size: 469.75499pt x 185.25555pt.

<images/allreduce.png, id=3, 1104.125pt x 422.57875pt>
File: images/allreduce.png Graphic file (type png)

<use images/allreduce.png>
Package pdftex.def Info: images/allreduce.png used on input line 51.
(pdftex.def)             Requested size: 469.75499pt x 179.79025pt.


LaTeX Warning: `!h' float specifier changed to `!ht'.


Underfull \hbox (badness 10000) in paragraph at lines 55--67

 []

[1

{/usr/local/texlive/2011/texmf-var/fonts/map/pdftex/updmap/pdftex.map} <./image
s/all2all.png>]
Underfull \hbox (badness 10000) in paragraph at lines 70--74

 []


Underfull \hbox (badness 10000) in paragraph at lines 75--98

 []


Underfull \hbox (badness 10000) in paragraph at lines 75--98

 []


Underfull \hbox (badness 10000) in paragraph at lines 75--98

 []

[2 <./images/allgather.png> <./images/allreduce.png>]
Underfull \hbox (badness 10000) in paragraph at lines 99--114

 []


Underfull \hbox (badness 10000) in paragraph at lines 114--129

 []

<images/speedup.png, id=22, 687.56876pt x 361.35pt>
File: images/speedup.png Graphic file (type png)
 <use images/speedup.png>
Package pdftex.def Info: images/speedup.png used on input line 145.
(pdftex.def)             Requested size: 234.87749pt x 123.43631pt.

<images/scaled_speedup.png, id=23, 689.57625pt x 363.3575pt>
File: images/scaled_speedup.png Graphic file (type png)

<use images/scaled_speedup.png>
Package pdftex.def Info: images/scaled_speedup.png used on input line 146.
(pdftex.def)             Requested size: 234.87749pt x 123.76167pt.

Overfull \hbox (2.08049pt too wide) in paragraph at lines 145--147
[][] [] 
 []


Underfull \hbox (badness 10000) in paragraph at lines 134--152

 []

[3]
Underfull \hbox (badness 10000) in paragraph at lines 153--165

 []


Underfull \hbox (badness 10000) in paragraph at lines 153--165

 []


Underfull \hbox (badness 10000) in paragraph at lines 166--175

 []

[4 <./images/speedup.png> <./images/scaled_speedup.png>] (./asg.aux) ) 
Here is how much of TeX's memory you used:
 5709 strings out of 493633
 84984 string characters out of 3143378
 151957 words of memory out of 3000000
 8909 multiletter control sequences out of 15000+200000
 17979 words of font info for 44 fonts, out of 3000000 for 9000
 831 hyphenation exceptions out of 8191
 38i,7n,38p,245b,347s stack positions out of 5000i,500n,10000p,200000b,50000s
{/usr/loc
al/texlive/2011/texmf-dist/fonts/enc/dvips/base/8r.enc}</usr/local/texlive/2011
/texmf-dist/fonts/type1/public/amsfonts/cm/cmmi10.pfb></usr/local/texlive/2011/
texmf-dist/fonts/type1/public/amsfonts/cm/cmmi6.pfb></usr/local/texlive/2011/te
xmf-dist/fonts/type1/public/amsfonts/cm/cmmi8.pfb></usr/local/texlive/2011/texm
f-dist/fonts/type1/public/amsfonts/cm/cmr10.pfb></usr/local/texlive/2011/texmf-
dist/fonts/type1/public/amsfonts/cm/cmr6.pfb></usr/local/texlive/2011/texmf-dis
t/fonts/type1/public/amsfonts/cm/cmr8.pfb></usr/local/texlive/2011/texmf-dist/f
onts/type1/public/amsfonts/cm/cmsy10.pfb></usr/local/texlive/2011/texmf-dist/fo
nts/type1/public/amsfonts/cm/cmsy8.pfb></usr/local/texlive/2011/texmf-dist/font
s/type1/urw/times/utmb8a.pfb></usr/local/texlive/2011/texmf-dist/fonts/type1/ur
w/times/utmr8a.pfb></usr/local/texlive/2011/texmf-dist/fonts/type1/urw/times/ut
mri8a.pfb>
Output written on asg.pdf (4 pages, 206464 bytes).
PDF statistics:
 67 PDF objects out of 1000 (max. 8388607)
 44 compressed objects within 1 object stream
 0 named destinations out of 1000 (max. 500000)
 26 words of extra memory for PDF output out of 10000 (max. 10000000)

